DEB [20171102-17:59:26.967] thr=1   paramiko.transport: starting thread (client mode): 0x99b31d0L
DEB [20171102-17:59:26.968] thr=1   paramiko.transport: Local version/idstring: SSH-2.0-paramiko_1.17.0
DEB [20171102-17:59:26.974] thr=1   paramiko.transport: Remote version/idstring: SSH-2.0-OpenSSH_5.3
INF [20171102-17:59:26.974] thr=1   paramiko.transport: Connected (version 2.0, client OpenSSH_5.3)
DEB [20171102-17:59:26.975] thr=1   paramiko.transport: kex algos:[u'diffie-hellman-group-exchange-sha256', u'diffie-hellman-group-exchange-sha1', u'diffie-hellman-group14-sha1', u'diffie-hellman-group1-sha1'] server key:[u'ssh-rsa', u'ssh-dss'] client encrypt:[u'aes128-ctr', u'aes192-ctr', u'aes256-ctr', u'arcfour256', u'arcfour128', u'aes128-cbc', u'3des-cbc', u'blowfish-cbc', u'cast128-cbc', u'aes192-cbc', u'aes256-cbc', u'arcfour', u'rijndael-cbc@lysator.liu.se'] server encrypt:[u'aes128-ctr', u'aes192-ctr', u'aes256-ctr', u'arcfour256', u'arcfour128', u'aes128-cbc', u'3des-cbc', u'blowfish-cbc', u'cast128-cbc', u'aes192-cbc', u'aes256-cbc', u'arcfour', u'rijndael-cbc@lysator.liu.se'] client mac:[u'hmac-md5', u'hmac-sha1', u'umac-64@openssh.com', u'hmac-sha2-256', u'hmac-sha2-512', u'hmac-ripemd160', u'hmac-ripemd160@openssh.com', u'hmac-sha1-96', u'hmac-md5-96'] server mac:[u'hmac-md5', u'hmac-sha1', u'umac-64@openssh.com', u'hmac-sha2-256', u'hmac-sha2-512', u'hmac-ripemd160', u'hmac-ripemd160@openssh.com', u'hmac-sha1-96', u'hmac-md5-96'] client compress:[u'none', u'zlib@openssh.com'] server compress:[u'none', u'zlib@openssh.com'] client lang:[u''] server lang:[u''] kex follows?False
DEB [20171102-17:59:26.976] thr=1   paramiko.transport: Kex agreed: diffie-hellman-group1-sha1
DEB [20171102-17:59:26.976] thr=1   paramiko.transport: Cipher agreed: aes128-ctr
DEB [20171102-17:59:26.976] thr=1   paramiko.transport: MAC agreed: hmac-sha2-256
DEB [20171102-17:59:26.976] thr=1   paramiko.transport: Compression agreed: none
DEB [20171102-17:59:26.996] thr=1   paramiko.transport: kex engine KexGroup1 specified hash_algo <built-in function openssl_sha1>
DEB [20171102-17:59:26.996] thr=1   paramiko.transport: Switch to new keys ...
DEB [20171102-17:59:27.004] thr=2   paramiko.transport: Trying discovered key 916d8725dd213c74a8419017bb723c2b in /Users/shixingwen/.ssh/id_rsa
DEB [20171102-17:59:27.036] thr=1   paramiko.transport: userauth is OK
INF [20171102-17:59:27.581] thr=1   paramiko.transport: Authentication (publickey) failed.
DEB [20171102-17:59:27.587] thr=1   paramiko.transport: userauth is OK
INF [20171102-17:59:27.623] thr=1   paramiko.transport: Authentication (password) successful!
DEB [20171102-17:59:27.654] thr=2   paramiko.transport: [chan 0] Max packet in: 32768 bytes
DEB [20171102-17:59:27.655] thr=1   paramiko.transport: [chan 0] Max packet out: 32768 bytes
DEB [20171102-17:59:27.655] thr=1   paramiko.transport: Secsh channel 0 opened.
DEB [20171102-17:59:27.657] thr=1   paramiko.transport: [chan 0] Sesch channel 0 request ok
DEB [20171102-17:59:27.657] thr=2   paramiko.transport: [chan 1] Max packet in: 32768 bytes
DEB [20171102-17:59:27.658] thr=1   paramiko.transport: [chan 1] Max packet out: 32768 bytes
DEB [20171102-17:59:27.658] thr=1   paramiko.transport: Secsh channel 1 opened.
DEB [20171102-17:59:27.660] thr=1   paramiko.transport: [chan 1] Sesch channel 1 request ok
DEB [20171102-17:59:27.660] thr=2   paramiko.transport: [chan 0] EOF sent (0)
DEB [20171102-17:59:27.677] thr=1   paramiko.transport: Ignoring message for dead channel 0
DEB [20171102-17:59:27.677] thr=1   paramiko.transport: Ignoring message for dead channel 0
DEB [20171102-17:59:27.677] thr=1   paramiko.transport: Ignoring message for dead channel 0
DEB [20171102-17:59:27.678] thr=1   paramiko.transport: Ignoring message for dead channel 0
DEB [20171102-17:59:27.695] thr=1   paramiko.transport: [chan 1] EOF received (1)
DEB [20171102-17:59:27.696] thr=1   paramiko.transport: EOF in transport thread
